<?xml version="1.0" encoding="UTF-8"?>
<!-- Generated by org.testng.reporters.JUnitReportReporter -->
<testsuite hostname="LAPTOP-QE5Q58AD" failures="0" tests="1" name="Scripts.login" time="3.352" errors="0" timestamp="2023-12-18T16:20:25 IST" skipped="0">
  <testcase classname="Scripts.login" name="signup" time="3.352"/>
  <system-out/>
</testsuite> <!-- Scripts.login -->
