<?xml version="1.0" encoding="UTF-8"?>
<!-- Generated by org.testng.reporters.JUnitReportReporter -->
<testsuite hostname="LAPTOP-QE5Q58AD" failures="0" tests="1" name="automationtest.crossbrowser" time="3.022" errors="0" timestamp="2023-12-14T14:54:41 IST" skipped="0">
  <testcase classname="automationtest.crossbrowser" name="test" time="3.022"/>
  <system-out/>
</testsuite> <!-- automationtest.crossbrowser -->
