<?xml version="1.0" encoding="UTF-8"?>
<!-- Generated by org.testng.reporters.JUnitReportReporter -->
<testsuite hostname="LAPTOP-QE5Q58AD" failures="0" tests="1" name="Scripts.login" time="1.952" errors="0" timestamp="2023-12-17T21:17:55 IST" skipped="0">
  <testcase classname="Scripts.login" name="signup" time="1.952"/>
  <system-out/>
</testsuite> <!-- Scripts.login -->
